[inicio]
registrador.a="00"
registrador.b="08"
registrador.pc="0000"
registrador.pp="0EFF"
registrador.aux="00"
registrador.ir="00"
registrador.ix="6E35"
registrador.mbr="00"
registrador.mar="0000"
flag.z="0"
flag.n="0"
flag.c="0"
flag.o="0"
memoria.base="res://MEMORIA.MEM"
memoria.substituicoes = {"f00": "0", "f01": "0", "f02": "0", "f03": "0", "f04": "0", "f05": "0", "f06": "0", "f07": "0", "f08": "0", "f09": "0", "f0a": "0", "f0b": "0", "f0c": "0", "f0d": "0", "f0e": "0", "f0f": "0", "f10": "0", "f11": "0", "f12": "0", "f13": "0", "f14": "0", "f15": "0", "f16": "0", "f17": "0", "f18": "0", "f19": "0", "f1a": "0", "f1b": "0", "f1c": "0", "f1d": "0", "f1e": "0", "f1f": "0", "f20": "0", "f21": "0", "f22": "0", "f23": "0", "f24": "0", "f25": "0", "f26": "0", "f27": "0", "f28": "0", "f29": "0", "f2a": "0", "f2b": "0", "f2c": "0", "f2d": "0", "f2e": "0", "f2f": "0", "f30": "0", "f31": "0", "f32": "0", "f33": "0", "f34": "0", "f35": "0", "f36": "0", "f37": "0", "f38": "0", "f39": "0", "f3a": "0", "f3b": "0", "f3c": "0", "f3d": "0", "f3e": "0", "f3f": "0", "f40": "0", "f41": "0", "f42": "0", "f43": "0", "f44": "0", "f45": "0", "f46": "0", "f47": "0", "f48": "0", "f49": "0", "f4a": "0", "f4b": "0", "f4c": "0", "f4d": "0", "f4e": "0", "f4f": "0", "f50": "0", "f51": "0", "f52": "0", "f53": "0", "f54": "0", "f55": "0", "f56": "0", "f57": "0", "f58": "0", "f59": "0", "f5a": "0", "f5b": "0", "f5c": "0", "f5d": "0", "f5e": "0", "f5f": "0", "f60": "0", "f61": "0", "f62": "0", "f63": "0", "f64": "0", "f65": "0", "f66": "0", "f67": "0", "f68": "0", "f69": "0", "f6a": "0", "f6b": "0", "f6c": "0", "f6d": "0", "f6e": "0", "f6f": "0", "f70": "0", "f71": "0", "f72": "0", "f73": "0", "f74": "0", "f75": "0", "f76": "0", "f77": "0", "f78": "0", "f79": "0", "f7a": "0", "f7b": "0", "f7c": "0", "f7d": "0", "f7e": "0", "f7f": "0", "f80": "0", "f81": "0", "f82": "0", "f83": "0", "f84": "0", "f85": "0", "f86": "0", "f87": "0", "f88": "0", "f89": "0", "f8a": "0", "f8b": "0", "f8c": "0", "f8d": "0", "f8e": "0", "f8f": "0", "f90": "0", "f91": "0", "f92": "45", "f93": "65", "f94": "40", "f95": "0", "f96": "0", "f97": "0", "f98": "0", "f99": "0", "f9a": "6c", "f9b": "35", "f9c": "4a", "f9d": "3", "f9e": "0", "f9f": "0", "fa0": "0", "fa1": "0", "fa2": "7d", "fa3": "55", "fa4": "14", "fa5": "0", "fa6": "80", "fa7": "0", "fa8": "0", "fa9": "2", "faa": "55", "fab": "33", "fac": "40", "fad": "1", "fae": "0", "faf": "0", "fb0": "0", "fb1": "4", "fb2": "0", "fb3": "0", "fb4": "0", "fb5": "0", "fb6": "0", "fb7": "0", "fb8": "0", "fb9": "0", "fba": "0", "fbb": "0", "fbc": "0", "fbd": "1", "fbe": "0", "fbf": "0", "fc0": "0", "fc1": "93", "fc2": "0", "fc3": "0", "fc4": "0", "fc5": "48", "fc6": "0", "fc7": "0", "fc8": "0", "fc9": "f0", "fca": "0", "fcb": "0", "fcc": "0", "fcd": "78", "fce": "0", "fcf": "0", "fd0": "c", "fd1": "a0", "fd2": "0", "fd3": "0", "fd4": "0", "fd5": "78", "fd6": "0", "fd7": "0", "fd8": "10", "fd9": "f0", "fda": "0", "fdb": "0", "fdc": "0", "fdd": "78", "fde": "30", "fdf": "0", "fe0": "13", "fe1": "e0", "fe2": "0", "fe3": "0", "fe4": "0", "fe5": "3e", "fe6": "50", "fe7": "0", "fe8": "17", "fe9": "e0", "fea": "0", "feb": "0", "fec": "0", "fed": "3f", "fee": "40", "fef": "0", "ff0": "17", "ff1": "e0", "ff2": "0", "ff3": "0", "ff4": "0", "ff5": "3f", "ff6": "40", "ff7": "0", "ff8": "f", "ff9": "e0", "ffa": "0", "ffb": "0", "ffc": "0", "ffd": "3f", "ffe": "80", "fff": "0"}
instrucoes=[
	"LDA #10",
	"LDB #9",
	"ABA",
	"STA 0000",
	"CAL EXIT"
]